c:\users\gabriel\documents\github\fraggers\fraggers\x64\debug\vc143.pdb
c:\users\gabriel\documents\github\fraggers\fraggers\x64\debug\vc143.idb
c:\users\gabriel\documents\github\fraggers\fraggers\x64\debug\main.obj
c:\users\gabriel\documents\github\fraggers\fraggers\x64\debug\gamestate_platform_extension.obj
c:\users\gabriel\documents\github\fraggers\fraggers\x64\debug\gamestate_platform.obj
c:\users\gabriel\documents\github\fraggers\fraggers\x64\debug\gamestate_mainmenu.obj
c:\users\gabriel\documents\github\fraggers\fraggers\x64\debug\gamestatemgr.obj
c:\users\gabriel\documents\github\fraggers\fraggers\x64\debug\aabb_collision.obj
c:\users\gabriel\documents\github\fraggers\bin\fraggersd.exe
c:\users\gabriel\documents\github\fraggers\bin\fraggersd.pdb
c:\users\gabriel\documents\github\fraggers\fraggers\x64\debug\fraggersd.ilk
c:\users\gabriel\documents\github\fraggers\\bin\fraggersd.pdb
c:\users\gabriel\documents\github\fraggers\fraggers\x64\debug\fraggers.tlog\cl.command.1.tlog
c:\users\gabriel\documents\github\fraggers\fraggers\x64\debug\fraggers.tlog\cl.items.tlog
c:\users\gabriel\documents\github\fraggers\fraggers\x64\debug\fraggers.tlog\cl.read.1.tlog
c:\users\gabriel\documents\github\fraggers\fraggers\x64\debug\fraggers.tlog\cl.write.1.tlog
c:\users\gabriel\documents\github\fraggers\fraggers\x64\debug\fraggers.tlog\link.command.1.tlog
c:\users\gabriel\documents\github\fraggers\fraggers\x64\debug\fraggers.tlog\link.read.1.tlog
c:\users\gabriel\documents\github\fraggers\fraggers\x64\debug\fraggers.tlog\link.secondary.1.tlog
c:\users\gabriel\documents\github\fraggers\fraggers\x64\debug\fraggers.tlog\link.write.1.tlog
